<?xml version="1.0" encoding="UTF-8"?>
<!-- Generated by org.testng.reporters.JUnitReportReporter -->
<testsuite hostname="ShreeRam" failures="0" tests="3" name="Cucumber.TestNGTestRunner" time="24.837" errors="0" timestamp="2024-12-01T19:42:51 IST" skipped="0">
  <testcase classname="Cucumber.TestNGTestRunner" name="runScenario" time="9.307"/>
  <testcase classname="Cucumber.TestNGTestRunner" name="runScenario" time="10.138"/>
  <testcase classname="Cucumber.TestNGTestRunner" name="runScenario" time="5.392"/>
</testsuite> <!-- Cucumber.TestNGTestRunner -->
