<?xml version="1.0" encoding="UTF-8"?>
<!-- Generated by org.testng.reporters.JUnitReportReporter -->
<testsuite hostname="ShreeRam" failures="0" tests="1" name="learning.ErrorValidation" time="0.986" errors="0" timestamp="2024-11-10T00:51:53 IST" skipped="0">
  <testcase classname="learning.ErrorValidation" name="loginerror" time="0.986"/>
</testsuite> <!-- learning.ErrorValidation -->
