<?xml version="1.0" encoding="UTF-8"?>
<!-- Generated by org.testng.reporters.JUnitReportReporter -->
<testsuite hostname="ShreeRam" failures="0" tests="4" name="learning.SubmitOrderTest" time="24.874" errors="0" timestamp="2024-11-11T16:28:05 IST" skipped="0">
  <testcase classname="learning.SubmitOrderTest" name="checkOrder" time="3.263"/>
  <testcase classname="learning.SubmitOrderTest" name="OrderSubmit" time="7.731"/>
  <testcase classname="learning.SubmitOrderTest" name="checkOrder" time="4.060"/>
  <testcase classname="learning.SubmitOrderTest" name="OrderSubmit" time="9.820"/>
</testsuite> <!-- learning.SubmitOrderTest -->
