<?xml version="1.0" encoding="UTF-8"?>
<!-- Generated by org.testng.reporters.JUnitReportReporter -->
<testsuite hostname="ShreeRam" failures="0" tests="1" name="learning.Pageobjectmodelexample" time="5.924" errors="0" timestamp="2024-11-08T23:30:17 IST" skipped="0">
  <testcase classname="learning.Pageobjectmodelexample" name="OrderSubmit" time="5.924"/>
</testsuite> <!-- learning.Pageobjectmodelexample -->
