<?xml version="1.0" encoding="UTF-8"?>
<!-- Generated by org.testng.reporters.JUnitReportReporter -->
<testsuite hostname="ShreeRam" failures="0" tests="2" name="Cucumber.TestNGTestRunner" time="20.253" errors="0" timestamp="2024-12-01T20:04:40 IST" skipped="0">
  <testcase classname="Cucumber.TestNGTestRunner" name="runScenario" time="10.172"/>
  <testcase classname="Cucumber.TestNGTestRunner" name="runScenario" time="10.081"/>
</testsuite> <!-- Cucumber.TestNGTestRunner -->
