<?xml version="1.0" encoding="UTF-8"?>
<!-- Generated by org.testng.reporters.JUnitReportReporter -->
<testsuite hostname="ShreeRam" failures="0" tests="4" name="learning.SubmitOrderTest" time="28.825" errors="0" timestamp="2024-11-12T12:46:47 IST" skipped="0">
  <testcase classname="learning.SubmitOrderTest" name="checkOrder" time="4.400"/>
  <testcase classname="learning.SubmitOrderTest" name="OrderSubmit" time="9.676"/>
  <testcase classname="learning.SubmitOrderTest" name="checkOrder" time="4.092"/>
  <testcase classname="learning.SubmitOrderTest" name="OrderSubmit" time="10.657"/>
</testsuite> <!-- learning.SubmitOrderTest -->
