<?xml version="1.0" encoding="UTF-8"?>
<!-- Generated by org.testng.reporters.JUnitReportReporter -->
<testsuite hostname="ShreeRam" failures="0" tests="1" name="learning.ErrorValidationTest" time="7.121" errors="0" timestamp="2024-12-01T20:05:13 IST" skipped="0">
  <testcase classname="learning.ErrorValidationTest" name="loginErrorValidation" time="7.121"/>
</testsuite> <!-- learning.ErrorValidationTest -->
